0 info it worked if it ends with ok
1 verbose cli [ '/usr/local/bin/node',
1 verbose cli   '/usr/local/bin/npm',
1 verbose cli   'install',
1 verbose cli   '--save',
1 verbose cli   'jquery' ]
2 info using npm@3.10.10
3 info using node@v6.10.2
4 silly loadCurrentTree Starting
5 silly install loadCurrentTree
6 silly install readLocalPackageData
7 silly fetchPackageMetaData jquery
8 silly fetchNamedPackageData jquery
9 silly mapToRegistry name jquery
10 silly mapToRegistry using default registry
11 silly mapToRegistry registry https://registry.npmjs.org/
12 silly mapToRegistry data Result {
12 silly mapToRegistry   raw: 'jquery',
12 silly mapToRegistry   scope: null,
12 silly mapToRegistry   escapedName: 'jquery',
12 silly mapToRegistry   name: 'jquery',
12 silly mapToRegistry   rawSpec: '',
12 silly mapToRegistry   spec: 'latest',
12 silly mapToRegistry   type: 'tag' }
13 silly mapToRegistry uri https://registry.npmjs.org/jquery
14 verbose request uri https://registry.npmjs.org/jquery
15 verbose request no auth needed
16 info attempt registry request try #1 at 23:06:49
17 verbose request id 27cd0b9267a84a72
18 http request GET https://registry.npmjs.org/jquery
19 http 200 https://registry.npmjs.org/jquery
20 verbose headers { server: 'nginx/1.10.3',
20 verbose headers   'content-type': 'application/json',
20 verbose headers   'last-modified': 'Wed, 22 Nov 2017 09:15:24 GMT',
20 verbose headers   etag: 'W/"5a15402c-163b9"',
20 verbose headers   'content-encoding': 'gzip',
20 verbose headers   'cache-control': 'max-age=300',
20 verbose headers   'content-length': '11026',
20 verbose headers   'accept-ranges': 'bytes',
20 verbose headers   date: 'Sun, 26 Nov 2017 15:06:49 GMT',
20 verbose headers   via: '1.1 varnish',
20 verbose headers   age: '281',
20 verbose headers   connection: 'keep-alive',
20 verbose headers   'x-served-by': 'cache-nrt6149-NRT',
20 verbose headers   'x-cache': 'HIT',
20 verbose headers   'x-cache-hits': '1',
20 verbose headers   'x-timer': 'S1511708810.792453,VS0,VE0',
20 verbose headers   vary: 'Accept-Encoding, Accept' }
21 silly get cb [ 200,
21 silly get   { server: 'nginx/1.10.3',
21 silly get     'content-type': 'application/json',
21 silly get     'last-modified': 'Wed, 22 Nov 2017 09:15:24 GMT',
21 silly get     etag: 'W/"5a15402c-163b9"',
21 silly get     'content-encoding': 'gzip',
21 silly get     'cache-control': 'max-age=300',
21 silly get     'content-length': '11026',
21 silly get     'accept-ranges': 'bytes',
21 silly get     date: 'Sun, 26 Nov 2017 15:06:49 GMT',
21 silly get     via: '1.1 varnish',
21 silly get     age: '281',
21 silly get     connection: 'keep-alive',
21 silly get     'x-served-by': 'cache-nrt6149-NRT',
21 silly get     'x-cache': 'HIT',
21 silly get     'x-cache-hits': '1',
21 silly get     'x-timer': 'S1511708810.792453,VS0,VE0',
21 silly get     vary: 'Accept-Encoding, Accept' } ]
22 verbose get saving jquery to /Users/SKHR/.npm/registry.npmjs.org/jquery/.cache.json
23 verbose correctMkdir /Users/SKHR/.npm correctMkdir not in flight; initializing
24 silly install normalizeTree
25 verbose stack TypeError: Cannot read property 'length' of undefined
25 verbose stack     at /usr/local/lib/node_modules/npm/lib/install.js:651:27
25 verbose stack     at Array.forEach (native)
25 verbose stack     at /usr/local/lib/node_modules/npm/lib/install.js:650:19
25 verbose stack     at /usr/local/lib/node_modules/npm/node_modules/iferr/index.js:13:50
25 verbose stack     at /usr/local/lib/node_modules/npm/lib/install/deps.js:175:5
25 verbose stack     at LOOP (/usr/local/lib/node_modules/npm/node_modules/slide/lib/chain.js:7:26)
25 verbose stack     at /usr/local/lib/node_modules/npm/node_modules/slide/lib/chain.js:18:7
25 verbose stack     at cb (/usr/local/lib/node_modules/npm/node_modules/slide/lib/async-map.js:47:24)
25 verbose stack     at /usr/local/lib/node_modules/npm/lib/install/deps.js:175:5
25 verbose stack     at LOOP (/usr/local/lib/node_modules/npm/node_modules/slide/lib/chain.js:7:26)
26 verbose cwd /Users/SKHR/Project/Js/Nodejs-Express/DemoForNodejs
27 error Darwin 16.5.0
28 error argv "/usr/local/bin/node" "/usr/local/bin/npm" "install" "--save" "jquery"
29 error node v6.10.2
30 error npm  v3.10.10
31 error Cannot read property 'length' of undefined
32 error If you need help, you may report this error at:
32 error     <https://github.com/npm/npm/issues>
33 verbose exit [ 1, true ]
